<?xml version="1.0" encoding="UTF-8"?>
<!-- Generated by org.testng.reporters.JUnitReportReporter -->
<testsuite hostname="HP" failures="0" tests="5" name="testng.InvocationCount" time="0.169" errors="0" timestamp="2020-06-12T23:17:59 IST" skipped="0">
  <testcase classname="testng.InvocationCount" name="RepeatATestCase" time="0.071"/>
  <system-out/>
  <testcase classname="testng.InvocationCount" name="RepeatATestCase" time="0.012"/>
  <system-out/>
  <testcase classname="testng.InvocationCount" name="RepeatATestCase" time="0.055"/>
  <system-out/>
  <testcase classname="testng.InvocationCount" name="RepeatATestCase" time="0.024"/>
  <system-out/>
  <testcase classname="testng.InvocationCount" name="RepeatATestCase" time="0.007"/>
  <system-out/>
</testsuite> <!-- testng.InvocationCount -->
