<?xml version="1.0" encoding="UTF-8"?>
<!-- Generated by org.testng.reporters.JUnitReportReporter -->
<testsuite hostname="HP" failures="0" tests="5" name="testng.GoogleTest" time="0.109" errors="0" timestamp="2020-06-07T21:03:08 IST" skipped="0">
  <testcase classname="testng.GoogleTest" name="testGoogle1" time="0.059"/>
  <system-out/>
  <testcase classname="testng.GoogleTest" name="googleSearchBox" time="0.008"/>
  <system-out/>
  <testcase classname="testng.GoogleTest" name="googleEndPage" time="0.016"/>
  <system-out/>
  <testcase classname="testng.GoogleTest" name="googleHomePage" time="0.011"/>
  <system-out/>
  <testcase classname="testng.GoogleTest" name="googlePage" time="0.015"/>
  <system-out/>
</testsuite> <!-- testng.GoogleTest -->
