<?xml version="1.0" encoding="UTF-8"?>
<!-- Generated by org.testng.reporters.JUnitReportReporter -->
<testsuite hostname="HP" failures="0" tests="3" name="testng.GoogleValidation" time="71.024" errors="1" timestamp="2020-06-08T00:30:31 IST" skipped="1">
  <testcase classname="testng.GoogleValidation" name="googleTestAnother" time="63.583">
    <skipped/>
  </testcase> <!-- googleTestAnother -->
  <system-out/>
  <testcase classname="testng.GoogleValidation" name="googleTest" time="0.126"/>
  <system-out/>
  <testcase classname="testng.GoogleValidation" name="setup" time="7.315">
    <error message="session not created
from disconnected: received Inspector.detached event
  (Session info: chrome=83.0.4103.61)
Build info: version: &#039;4.0.0-alpha-5&#039;, revision: &#039;b3a0d621cc&#039;
System info: host: &#039;HP&#039;, ip: &#039;192.168.43.35&#039;, os.name: &#039;Windows 8.1&#039;, os.arch: &#039;amd64&#039;, os.version: &#039;6.3&#039;, java.version: &#039;14.0.1&#039;
Driver info: driver.version: ChromeDriver
remote stacktrace: Backtrace:
	Ordinal0 [0x00479563+2725219]
	Ordinal0 [0x00378551+1672529]
	Ordinal0 [0x00260359+525145]
	Ordinal0 [0x00258579+492921]
	Ordinal0 [0x0025818C+491916]
	Ordinal0 [0x00257AB8+490168]
	Ordinal0 [0x00256EFE+487166]
	Ordinal0 [0x00257135+487733]
	Ordinal0 [0x00256B75+486261]
	Ordinal0 [0x0025F055+520277]
	Ordinal0 [0x00256B32+486194]
	Ordinal0 [0x00257739+489273]
	Ordinal0 [0x00256EFE+487166]
	Ordinal0 [0x00257135+487733]
	Ordinal0 [0x00256B75+486261]
	Ordinal0 [0x0025D83E+514110]
	Ordinal0 [0x00256B32+486194]
	Ordinal0 [0x00257739+489273]
	Ordinal0 [0x00256EFE+487166]
	Ordinal0 [0x00257135+487733]
	Ordinal0 [0x00256B75+486261]
	Ordinal0 [0x0025BBF6+506870]
	Ordinal0 [0x00256B32+486194]
	Ordinal0 [0x00257739+489273]
	Ordinal0 [0x00256EFE+487166]
	Ordinal0 [0x00257135+487733]
	Ordinal0 [0x00256B75+486261]
	Ordinal0 [0x0025B1B7+504247]
	Ordinal0 [0x00256B32+486194]
	Ordinal0 [0x00257739+489273]
	Ordinal0 [0x00256EFE+487166]
	Ordinal0 [0x00257135+487733]
	Ordinal0 [0x00256B75+486261]
	Ordinal0 [0x0025337C+471932]
	Ordinal0 [0x00256B32+486194]
	Ordinal0 [0x00256A87+486023]
	Ordinal0 [0x00260FF0+528368]
	Ordinal0 [0x0020D6C9+186057]
	Ordinal0 [0x0020CA3D+182845]
	Ordinal0 [0x0020A94B+174411]
	Ordinal0 [0x001F2528+75048]
	Ordinal0 [0x001F35A0+79264]
	Ordinal0 [0x001F3539+79161]
	Ordinal0 [0x0038D607+1758727]
	GetHandleVerifier [0x00596546+1050150]
	GetHandleVerifier [0x00596291+1049457]
	GetHandleVerifier [0x005A10D7+1094071]
	GetHandleVerifier [0x00596B46+1051686]
	Ordinal0 [0x00385B06+1727238]
	Ordinal0 [0x0038EB7B+1764219]
	Ordinal0 [0x0038ECE3+1764579]
	Ordinal0 [0x003A4C05+1854469]
	BaseThreadInitThunk [0x77BC6A14+36]
	RtlInitializeExceptionChain [0x77E1ADCF+143]
	RtlInitializeExceptionChain [0x77E1AD9A+90]
" type="org.openqa.selenium.SessionNotCreatedException">
      <![CDATA[org.openqa.selenium.SessionNotCreatedException: session not created
from disconnected: received Inspector.detached event
  (Session info: chrome=83.0.4103.61)
Build info: version: '4.0.0-alpha-5', revision: 'b3a0d621cc'
System info: host: 'HP', ip: '192.168.43.35', os.name: 'Windows 8.1', os.arch: 'amd64', os.version: '6.3', java.version: '14.0.1'
Driver info: driver.version: ChromeDriver
remote stacktrace: Backtrace:
Ordinal0 [0x00479563+2725219]
Ordinal0 [0x00378551+1672529]
Ordinal0 [0x00260359+525145]
Ordinal0 [0x00258579+492921]
Ordinal0 [0x0025818C+491916]
Ordinal0 [0x00257AB8+490168]
Ordinal0 [0x00256EFE+487166]
Ordinal0 [0x00257135+487733]
Ordinal0 [0x00256B75+486261]
Ordinal0 [0x0025F055+520277]
Ordinal0 [0x00256B32+486194]
Ordinal0 [0x00257739+489273]
Ordinal0 [0x00256EFE+487166]
Ordinal0 [0x00257135+487733]
Ordinal0 [0x00256B75+486261]
Ordinal0 [0x0025D83E+514110]
Ordinal0 [0x00256B32+486194]
Ordinal0 [0x00257739+489273]
Ordinal0 [0x00256EFE+487166]
Ordinal0 [0x00257135+487733]
Ordinal0 [0x00256B75+486261]
Ordinal0 [0x0025BBF6+506870]
Ordinal0 [0x00256B32+486194]
Ordinal0 [0x00257739+489273]
Ordinal0 [0x00256EFE+487166]
Ordinal0 [0x00257135+487733]
Ordinal0 [0x00256B75+486261]
Ordinal0 [0x0025B1B7+504247]
Ordinal0 [0x00256B32+486194]
Ordinal0 [0x00257739+489273]
Ordinal0 [0x00256EFE+487166]
Ordinal0 [0x00257135+487733]
Ordinal0 [0x00256B75+486261]
Ordinal0 [0x0025337C+471932]
Ordinal0 [0x00256B32+486194]
Ordinal0 [0x00256A87+486023]
Ordinal0 [0x00260FF0+528368]
Ordinal0 [0x0020D6C9+186057]
Ordinal0 [0x0020CA3D+182845]
Ordinal0 [0x0020A94B+174411]
Ordinal0 [0x001F2528+75048]
Ordinal0 [0x001F35A0+79264]
Ordinal0 [0x001F3539+79161]
Ordinal0 [0x0038D607+1758727]
GetHandleVerifier [0x00596546+1050150]
GetHandleVerifier [0x00596291+1049457]
GetHandleVerifier [0x005A10D7+1094071]
GetHandleVerifier [0x00596B46+1051686]
Ordinal0 [0x00385B06+1727238]
Ordinal0 [0x0038EB7B+1764219]
Ordinal0 [0x0038ECE3+1764579]
Ordinal0 [0x003A4C05+1854469]
BaseThreadInitThunk [0x77BC6A14+36]
RtlInitializeExceptionChain [0x77E1ADCF+143]
RtlInitializeExceptionChain [0x77E1AD9A+90]

at java.base/jdk.internal.reflect.NativeConstructorAccessorImpl.newInstance0(Native Method)
at java.base/jdk.internal.reflect.NativeConstructorAccessorImpl.newInstance(NativeConstructorAccessorImpl.java:62)
at java.base/jdk.internal.reflect.DelegatingConstructorAccessorImpl.newInstance(DelegatingConstructorAccessorImpl.java:45)
at java.base/java.lang.reflect.Constructor.newInstanceWithCaller(Constructor.java:500)
at java.base/java.lang.reflect.Constructor.newInstance(Constructor.java:481)
at org.openqa.selenium.remote.W3CHandshakeResponse.lambda$errorHandler$0(W3CHandshakeResponse.java:62)
at org.openqa.selenium.remote.HandshakeResponse.lambda$getResponseFunction$0(HandshakeResponse.java:30)
at org.openqa.selenium.remote.ProtocolHandshake.lambda$createSession$1(ProtocolHandshake.java:126)
at java.base/java.util.stream.ReferencePipeline$3$1.accept(ReferencePipeline.java:195)
at java.base/java.util.Spliterators$ArraySpliterator.tryAdvance(Spliterators.java:958)
at java.base/java.util.stream.ReferencePipeline.forEachWithCancel(ReferencePipeline.java:127)
at java.base/java.util.stream.AbstractPipeline.copyIntoWithCancel(AbstractPipeline.java:502)
at java.base/java.util.stream.AbstractPipeline.copyInto(AbstractPipeline.java:488)
at java.base/java.util.stream.AbstractPipeline.wrapAndCopyInto(AbstractPipeline.java:474)
at java.base/java.util.stream.FindOps$FindOp.evaluateSequential(FindOps.java:150)
at java.base/java.util.stream.AbstractPipeline.evaluate(AbstractPipeline.java:234)
at java.base/java.util.stream.ReferencePipeline.findFirst(ReferencePipeline.java:543)
at org.openqa.selenium.remote.ProtocolHandshake.createSession(ProtocolHandshake.java:128)
at org.openqa.selenium.remote.ProtocolHandshake.createSession(ProtocolHandshake.java:75)
at org.openqa.selenium.remote.HttpCommandExecutor.execute(HttpCommandExecutor.java:139)
at org.openqa.selenium.remote.service.DriverCommandExecutor.execute(DriverCommandExecutor.java:83)
at org.openqa.selenium.remote.RemoteWebDriver.execute(RemoteWebDriver.java:582)
at org.openqa.selenium.remote.RemoteWebDriver.startSession(RemoteWebDriver.java:216)
at org.openqa.selenium.remote.RemoteWebDriver.<init>(RemoteWebDriver.java:136)
at org.openqa.selenium.chromium.ChromiumDriver.<init>(ChromiumDriver.java:75)
at org.openqa.selenium.chrome.ChromeDriver.<init>(ChromeDriver.java:163)
at org.openqa.selenium.chrome.ChromeDriver.<init>(ChromeDriver.java:150)
at org.openqa.selenium.chrome.ChromeDriver.<init>(ChromeDriver.java:105)
at testng.GoogleValidation.setup(GoogleValidation.java:19)
at java.base/jdk.internal.reflect.NativeMethodAccessorImpl.invoke0(Native Method)
at java.base/jdk.internal.reflect.NativeMethodAccessorImpl.invoke(NativeMethodAccessorImpl.java:62)
at java.base/jdk.internal.reflect.DelegatingMethodAccessorImpl.invoke(DelegatingMethodAccessorImpl.java:43)
at java.base/java.lang.reflect.Method.invoke(Method.java:564)
at org.testng.internal.MethodInvocationHelper.invokeMethod(MethodInvocationHelper.java:135)
at org.testng.internal.MethodInvocationHelper.invokeMethodConsideringTimeout(MethodInvocationHelper.java:64)
at org.testng.internal.ConfigInvoker.invokeConfigurationMethod(ConfigInvoker.java:364)
at org.testng.internal.ConfigInvoker.invokeConfigurations(ConfigInvoker.java:318)
at org.testng.internal.TestInvoker.runConfigMethods(TestInvoker.java:700)
at org.testng.internal.TestInvoker.invokeMethod(TestInvoker.java:527)
at org.testng.internal.TestInvoker.invokeTestMethod(TestInvoker.java:174)
at org.testng.internal.MethodRunner.runInSequence(MethodRunner.java:46)
at org.testng.internal.TestInvoker$MethodInvocationAgent.invoke(TestInvoker.java:821)
at org.testng.internal.TestInvoker.invokeTestMethods(TestInvoker.java:147)
at org.testng.internal.TestMethodWorker.invokeTestMethods(TestMethodWorker.java:146)
at org.testng.internal.TestMethodWorker.run(TestMethodWorker.java:128)
at java.base/java.util.ArrayList.forEach(ArrayList.java:1510)
at org.testng.TestRunner.privateRun(TestRunner.java:767)
at org.testng.TestRunner.run(TestRunner.java:588)
at org.testng.SuiteRunner.runTest(SuiteRunner.java:384)
at org.testng.SuiteRunner.runSequentially(SuiteRunner.java:378)
at org.testng.SuiteRunner.privateRun(SuiteRunner.java:337)
at org.testng.SuiteRunner.run(SuiteRunner.java:286)
at org.testng.SuiteRunnerWorker.runSuite(SuiteRunnerWorker.java:53)
at org.testng.SuiteRunnerWorker.run(SuiteRunnerWorker.java:96)
at org.testng.TestNG.runSuitesSequentially(TestNG.java:1214)
at org.testng.TestNG.runSuitesLocally(TestNG.java:1136)
at org.testng.TestNG.runSuites(TestNG.java:1066)
at org.testng.TestNG.run(TestNG.java:1034)
at org.testng.remote.AbstractRemoteTestNG.run(AbstractRemoteTestNG.java:115)
at org.testng.remote.RemoteTestNG.initAndRun(RemoteTestNG.java:251)
at org.testng.remote.RemoteTestNG.main(RemoteTestNG.java:77)
]]>
    </error>
  </testcase> <!-- setup -->
  <system-out/>
</testsuite> <!-- testng.GoogleValidation -->
