<?xml version="1.0" encoding="UTF-8"?>
<!-- Generated by org.testng.reporters.JUnitReportReporter -->
<testsuite hostname="HP" failures="0" tests="5" name="testng.InvvocationCount" time="0.057" errors="0" timestamp="2020-06-07T21:22:28 IST" skipped="0">
  <testcase classname="testng.InvvocationCount" name="RepeatATestCase" time="0.034"/>
  <system-out/>
  <testcase classname="testng.InvvocationCount" name="RepeatATestCase" time="0.007"/>
  <system-out/>
  <testcase classname="testng.InvvocationCount" name="RepeatATestCase" time="0.007"/>
  <system-out/>
  <testcase classname="testng.InvvocationCount" name="RepeatATestCase" time="0.004"/>
  <system-out/>
  <testcase classname="testng.InvvocationCount" name="RepeatATestCase" time="0.005"/>
  <system-out/>
</testsuite> <!-- testng.InvvocationCount -->
